Using pre-set license
Built from '2020.3/release' branch; Version is '2020.3.12f1 (b3b2c6512326) revision 11776710'; Using compiler version '192528614'; Build Type 'Release'
OS: 'Windows 10 Home Single Language; OS build 19042.1052; Version 2009; 64bit' Language: 'en' Physical Memory: 8089 MB
BatchMode: 1, IsHumanControllingUs: 0, StartBugReporterOnCrash: 0, Is64bit: 1, IsPro: 0

 COMMAND LINE ARGUMENTS:
C:\Program Files\Unity\Hub\Editor\2020.3.12f1\Editor\Unity.exe
-adb2
-batchMode
-noUpm
-name
AssetImportWorker0
-projectPath
C:/Users/Siddhartha/2d game
-logFile
Logs/AssetImportWorker0.log
-srvPort
53904
Successfully changed project path to: C:/Users/Siddhartha/2d game
C:/Users/Siddhartha/2d game
Using Asset Import Pipeline V2.
Refreshing native plugins compatible for Editor in 157.56 ms, found 3 plugins.
Preloading 0 native plugins for Editor in 0.00 ms.
Initialize engine version: 2020.3.12f1 (b3b2c6512326)
[Subsystems] Discovering subsystems at path C:/Program Files/Unity/Hub/Editor/2020.3.12f1/Editor/Data/Resources/UnitySubsystems
[Subsystems] Discovering subsystems at path C:/Users/Siddhartha/2d game/Assets
GfxDevice: creating device client; threaded=0
Direct3D:
    Version:  Direct3D 11.0 [level 11.1]
    Renderer: Radeon (TM) 530 (ID=0x6900)
    Vendor:   
    VRAM:     2038 MB
    Driver:   26.20.15026.1
Initialize mono
Mono path[0] = 'C:/Program Files/Unity/Hub/Editor/2020.3.12f1/Editor/Data/Managed'
Mono path[1] = 'C:/Program Files/Unity/Hub/Editor/2020.3.12f1/Editor/Data/MonoBleedingEdge/lib/mono/unityjit'
Mono config path = 'C:/Program Files/Unity/Hub/Editor/2020.3.12f1/Editor/Data/MonoBleedingEdge/etc'
Using monoOptions --debugger-agent=transport=dt_socket,embedding=1,server=y,suspend=n,address=127.0.0.1:56680
Begin MonoManager ReloadAssembly
Registering precompiled unity dll's ...
Register platform support module: C:/Program Files/Unity/Hub/Editor/2020.3.12f1/Editor/Data/PlaybackEngines/WindowsStandaloneSupport/UnityEditor.WindowsStandalone.Extensions.dll
Registered in 0.006627 seconds.
Native extension for WindowsStandalone target not found
Refreshing native plugins compatible for Editor in 154.77 ms, found 3 plugins.
Preloading 0 native plugins for Editor in 0.00 ms.
Mono: successfully reloaded assembly
- Completed reload, in  4.925 seconds
Platform modules already initialized, skipping
Registering precompiled user dll's ...
Registered in 0.014787 seconds.
Begin MonoManager ReloadAssembly
Native extension for WindowsStandalone target not found
Refreshing native plugins compatible for Editor in 207.11 ms, found 3 plugins.
Preloading 0 native plugins for Editor in 0.00 ms.
Mono: successfully reloaded assembly
- Completed reload, in  3.979 seconds
Platform modules already initialized, skipping
========================================================================
Worker process is ready to serve import requests
Launched and connected shader compiler UnityShaderCompiler.exe after 0.20 seconds
Refreshing native plugins compatible for Editor in 1.32 ms, found 3 plugins.
Preloading 0 native plugins for Editor in 0.00 ms.
Unloading 2080 Unused Serialized files (Serialized files now loaded: 0)
System memory in use before: 92.8 MB.
System memory in use after: 92.7 MB.

Unloading 33 unused Assets to reduce memory usage. Loaded Objects now: 2513.
Total: 5.989200 ms (FindLiveObjects: 0.424400 ms CreateObjectMapping: 0.246100 ms MarkObjects: 4.999900 ms  DeleteObjects: 0.316200 ms)

AssetImportParameters requested are different than current active one (requested -> active):
  custom:framework-win-MediaFoundation: 216162199b28c13a410421893ffa2e32 -> 
  custom:video-decoder-ogg-theora: a1e56fd34408186e4bbccfd4996cb3dc -> 
  custom:container-muxer-webm: aa71ff27fc2769a1b78a27578f13a17b -> 
  custom:container-demuxer-webm: 4f35f7cbe854078d1ac9338744f61a02 -> 
  custom:container-demuxer-ogg: 62fdf1f143b41e24485cea50d1cbac27 -> 
  custom:video-encoder-webm-vp8: eb34c28f22e8b96e1ab97ce403110664 -> 
  custom:video-codec-MediaFoundation-h265: 746d11721c4dcdbdad8f713fa42b33f4 -> 
  custom:video-decoder-webm-vp8: 9c59270c3fd7afecdb556c50c9e8de78 -> 
  custom:audio-decoder-ogg-vorbis: bf7c407c2cedff20999df2af8eb42d56 -> 
  custom:audio-encoder-webm-vorbis: bf7c407c2cedff20999df2af8eb42d56 -> 
========================================================================
Received Import Request.
  path: Assets/BayatGames/Free Platform Game Assets/Tiles/2D Tiles ( Update 1.9 )/Autumn/128x128/GrassLeft.png
  artifactKey: Guid(d1736567c2c2dd3429ca987e6cd63763) Importer(815301076,1909f56bfc062723c751e8b465ee728b)
Start importing Assets/BayatGames/Free Platform Game Assets/Tiles/2D Tiles ( Update 1.9 )/Autumn/128x128/GrassLeft.png using Guid(d1736567c2c2dd3429ca987e6cd63763) Importer(815301076,1909f56bfc062723c751e8b465ee728b)  -> (artifact id: '7f965df1c8d5cdd3c7192af9040005f6') in 0.790084 seconds 
  Import took 0.799375 seconds .

========================================================================
Received Import Request.
  Time since last request: 0.000765 seconds.
  path: Assets/BayatGames/Free Platform Game Assets/Tiles/2D Tiles ( Update 1.9 )/Autumn/128x128/GrassCliffRight.png
  artifactKey: Guid(bfdb5b705f03df54da987501a4b8fce0) Importer(815301076,1909f56bfc062723c751e8b465ee728b)
Start importing Assets/BayatGames/Free Platform Game Assets/Tiles/2D Tiles ( Update 1.9 )/Autumn/128x128/GrassCliffRight.png using Guid(bfdb5b705f03df54da987501a4b8fce0) Importer(815301076,1909f56bfc062723c751e8b465ee728b)  -> (artifact id: 'b00d96b5eba84aa36ce70bb00cee27e3') in 0.141448 seconds 
  Import took 0.150000 seconds .

========================================================================
Received Import Request.
  Time since last request: 0.000562 seconds.
  path: Assets/BayatGames/Free Platform Game Assets/Tiles/2D Tiles ( Update 1.9 )/Autumn/128x128/GrassJoinHillRight2.png
  artifactKey: Guid(a92e457a2f2fd7c4da172841b810de0d) Importer(815301076,1909f56bfc062723c751e8b465ee728b)
Start importing Assets/BayatGames/Free Platform Game Assets/Tiles/2D Tiles ( Update 1.9 )/Autumn/128x128/GrassJoinHillRight2.png using Guid(a92e457a2f2fd7c4da172841b810de0d) Importer(815301076,1909f56bfc062723c751e8b465ee728b)  -> (artifact id: 'f71af32e5a8c5d8db43570afeec05e06') in 0.111875 seconds 
  Import took 0.120732 seconds .

========================================================================
Received Import Request.
  Time since last request: 0.000580 seconds.
  path: Assets/BayatGames/Free Platform Game Assets/Tiles/2D Tiles ( Update 1.9 )/Autumn/128x128/GrassJoinHillLeft2.png
  artifactKey: Guid(1da4f4e304173804ab15aaa0ae2b240d) Importer(815301076,1909f56bfc062723c751e8b465ee728b)
Start importing Assets/BayatGames/Free Platform Game Assets/Tiles/2D Tiles ( Update 1.9 )/Autumn/128x128/GrassJoinHillLeft2.png using Guid(1da4f4e304173804ab15aaa0ae2b240d) Importer(815301076,1909f56bfc062723c751e8b465ee728b)  -> (artifact id: '14df1e6e95693372f53f2f79259ec1ca') in 0.072452 seconds 
  Import took 0.082567 seconds .

========================================================================
Received Import Request.
  Time since last request: 0.000551 seconds.
  path: Assets/BayatGames/Free Platform Game Assets/Tiles/2D Tiles ( Update 1.9 )/Autumn/128x128/GrassJoinHillRight.png
  artifactKey: Guid(ef6deb59c78310043951c1da01813add) Importer(815301076,1909f56bfc062723c751e8b465ee728b)
Start importing Assets/BayatGames/Free Platform Game Assets/Tiles/2D Tiles ( Update 1.9 )/Autumn/128x128/GrassJoinHillRight.png using Guid(ef6deb59c78310043951c1da01813add) Importer(815301076,1909f56bfc062723c751e8b465ee728b)  -> (artifact id: 'b80d1d2403aa87cc53983e78e4c3847a') in 0.063442 seconds 
  Import took 0.074737 seconds .

========================================================================
Received Import Request.
  Time since last request: 0.000561 seconds.
  path: Assets/BayatGames/Free Platform Game Assets/Tiles/2D Tiles ( Update 1.9 )/Autumn/128x128/GrassJoinHillLeft2 DownShadow.png
  artifactKey: Guid(327a50b8eed10cf4e81f16418b093f98) Importer(815301076,1909f56bfc062723c751e8b465ee728b)
Start importing Assets/BayatGames/Free Platform Game Assets/Tiles/2D Tiles ( Update 1.9 )/Autumn/128x128/GrassJoinHillLeft2 DownShadow.png using Guid(327a50b8eed10cf4e81f16418b093f98) Importer(815301076,1909f56bfc062723c751e8b465ee728b)  -> (artifact id: '6f8519baa6179c126d2f13db0a37154d') in 0.062724 seconds 
  Import took 0.075338 seconds .

========================================================================
Received Import Request.
  Time since last request: 0.000540 seconds.
  path: Assets/BayatGames/Free Platform Game Assets/Tiles/2D Tiles ( Update 1.9 )/Autumn/128x128/GrassHillLeft2.png
  artifactKey: Guid(c4f1b75a04811774f88928aa05503459) Importer(815301076,1909f56bfc062723c751e8b465ee728b)
Start importing Assets/BayatGames/Free Platform Game Assets/Tiles/2D Tiles ( Update 1.9 )/Autumn/128x128/GrassHillLeft2.png using Guid(c4f1b75a04811774f88928aa05503459) Importer(815301076,1909f56bfc062723c751e8b465ee728b)  -> (artifact id: '22af67c8251709f036d81385438a1cce') in 0.039162 seconds 
  Import took 0.049006 seconds .

========================================================================
Received Import Request.
  Time since last request: 0.000513 seconds.
  path: Assets/BayatGames/Free Platform Game Assets/Tiles/2D Tiles ( Update 1.9 )/Autumn/128x128/GrassRight.png
  artifactKey: Guid(d97a6e0d370b9934daa6588cf7c54c30) Importer(815301076,1909f56bfc062723c751e8b465ee728b)
Start importing Assets/BayatGames/Free Platform Game Assets/Tiles/2D Tiles ( Update 1.9 )/Autumn/128x128/GrassRight.png using Guid(d97a6e0d370b9934daa6588cf7c54c30) Importer(815301076,1909f56bfc062723c751e8b465ee728b)  -> (artifact id: '449edc736de8eabbdd97760de76ba0c3') in 0.110805 seconds 
  Import took 0.121543 seconds .

========================================================================
Received Import Request.
  Time since last request: 0.000514 seconds.
  path: Assets/BayatGames/Free Platform Game Assets/Tiles/2D Tiles ( Update 1.9 )/Autumn/128x128/GrassHillRight2.png
  artifactKey: Guid(516340aee8fff1b4397ed02b07e107d6) Importer(815301076,1909f56bfc062723c751e8b465ee728b)
Start importing Assets/BayatGames/Free Platform Game Assets/Tiles/2D Tiles ( Update 1.9 )/Autumn/128x128/GrassHillRight2.png using Guid(516340aee8fff1b4397ed02b07e107d6) Importer(815301076,1909f56bfc062723c751e8b465ee728b)  -> (artifact id: 'fbe44efadbad1b84e54159264c7e84ef') in 0.064717 seconds 
  Import took 0.073541 seconds .

========================================================================
Received Import Request.
  Time since last request: 0.000577 seconds.
  path: Assets/BayatGames/Free Platform Game Assets/Tiles/2D Tiles ( Update 1.9 )/Autumn/128x128/GrassJoinHillRight2&Left2 DownShadow.png
  artifactKey: Guid(b4ea590163c55db47963405e2db5f20a) Importer(815301076,1909f56bfc062723c751e8b465ee728b)
Start importing Assets/BayatGames/Free Platform Game Assets/Tiles/2D Tiles ( Update 1.9 )/Autumn/128x128/GrassJoinHillRight2&Left2 DownShadow.png using Guid(b4ea590163c55db47963405e2db5f20a) Importer(815301076,1909f56bfc062723c751e8b465ee728b)  -> (artifact id: 'ed99663e6ae31b096a0ce50ce09c8687') in 0.062579 seconds 
  Import took 0.073051 seconds .

========================================================================
Received Import Request.
  Time since last request: 0.000559 seconds.
  path: Assets/BayatGames/Free Platform Game Assets/Tiles/2D Tiles ( Update 1.9 )/Autumn/128x128/GrassJoinHillLeft&Right.png
  artifactKey: Guid(8bfd4e380c6dbb541908d5d052c8295f) Importer(815301076,1909f56bfc062723c751e8b465ee728b)
Start importing Assets/BayatGames/Free Platform Game Assets/Tiles/2D Tiles ( Update 1.9 )/Autumn/128x128/GrassJoinHillLeft&Right.png using Guid(8bfd4e380c6dbb541908d5d052c8295f) Importer(815301076,1909f56bfc062723c751e8b465ee728b)  -> (artifact id: '51bce8ffa6e972530bfc364c2dd790bf') in 0.046585 seconds 
  Import took 0.055616 seconds .

========================================================================
Received Import Request.
  Time since last request: 0.000650 seconds.
  path: Assets/BayatGames/Free Platform Game Assets/Tiles/2D Tiles ( Update 1.9 )/Autumn/128x128/Grass.png
  artifactKey: Guid(ee5ab12db0b73344f9a1c89177d56025) Importer(815301076,1909f56bfc062723c751e8b465ee728b)
Start importing Assets/BayatGames/Free Platform Game Assets/Tiles/2D Tiles ( Update 1.9 )/Autumn/128x128/Grass.png using Guid(ee5ab12db0b73344f9a1c89177d56025) Importer(815301076,1909f56bfc062723c751e8b465ee728b)  -> (artifact id: '9e6dd6165528caad0c65500e69b5dcee') in 0.036350 seconds 
  Import took 0.050608 seconds .

========================================================================
Received Import Request.
  Time since last request: 0.000686 seconds.
  path: Assets/BayatGames/Free Platform Game Assets/Tiles/2D Tiles ( Update 1.9 )/Autumn/128x128/GrassHillLeft2 DownShadow.png
  artifactKey: Guid(6bc26ef4f80039146b0387478da839b1) Importer(815301076,1909f56bfc062723c751e8b465ee728b)
Start importing Assets/BayatGames/Free Platform Game Assets/Tiles/2D Tiles ( Update 1.9 )/Autumn/128x128/GrassHillLeft2 DownShadow.png using Guid(6bc26ef4f80039146b0387478da839b1) Importer(815301076,1909f56bfc062723c751e8b465ee728b)  -> (artifact id: 'c160ffe49629da06fff0a4b4bd099fb8') in 0.035507 seconds 
  Import took 0.047260 seconds .

========================================================================
Received Import Request.
  Time since last request: 0.000594 seconds.
  path: Assets/BayatGames/Free Platform Game Assets/Tiles/2D Tiles ( Update 1.9 )/Autumn/128x128/GrassCliffLeft.png
  artifactKey: Guid(1ad757c5da8692b4da9682f9ad8dfca6) Importer(815301076,1909f56bfc062723c751e8b465ee728b)
Start importing Assets/BayatGames/Free Platform Game Assets/Tiles/2D Tiles ( Update 1.9 )/Autumn/128x128/GrassCliffLeft.png using Guid(1ad757c5da8692b4da9682f9ad8dfca6) Importer(815301076,1909f56bfc062723c751e8b465ee728b)  -> (artifact id: 'c254e2fa41fa8d781bcb058351e3c668') in 0.064337 seconds 
  Import took 0.077202 seconds .

========================================================================
Received Import Request.
  Time since last request: 0.000555 seconds.
  path: Assets/BayatGames/Free Platform Game Assets/Tiles/2D Tiles ( Update 1.9 )/Autumn/128x128/GrassHillRight.png
  artifactKey: Guid(b7918b0510151184f8eaeb13c7e8a1ae) Importer(815301076,1909f56bfc062723c751e8b465ee728b)
Start importing Assets/BayatGames/Free Platform Game Assets/Tiles/2D Tiles ( Update 1.9 )/Autumn/128x128/GrassHillRight.png using Guid(b7918b0510151184f8eaeb13c7e8a1ae) Importer(815301076,1909f56bfc062723c751e8b465ee728b)  -> (artifact id: '402cbe12237d97404f317bd9cfa7792b') in 0.032981 seconds 
  Import took 0.041658 seconds .

========================================================================
Received Import Request.
  Time since last request: 0.000614 seconds.
  path: Assets/BayatGames/Free Platform Game Assets/Tiles/2D Tiles ( Update 1.9 )/Autumn/128x128/GrassJoinHillLeft.png
  artifactKey: Guid(b8a5ba1d5d49334429d4af4b77e8ba21) Importer(815301076,1909f56bfc062723c751e8b465ee728b)
Start importing Assets/BayatGames/Free Platform Game Assets/Tiles/2D Tiles ( Update 1.9 )/Autumn/128x128/GrassJoinHillLeft.png using Guid(b8a5ba1d5d49334429d4af4b77e8ba21) Importer(815301076,1909f56bfc062723c751e8b465ee728b)  -> (artifact id: 'a5db47f4f3a8225b287be10155d8f6bd') in 0.060876 seconds 
  Import took 0.083994 seconds .

========================================================================
Received Import Request.
  Time since last request: 0.000735 seconds.
  path: Assets/BayatGames/Free Platform Game Assets/Tiles/2D Tiles ( Update 1.9 )/Autumn/128x128/GrassJoinHillRight2 DownShadow.png
  artifactKey: Guid(cf009cee68ffabd4da43cef4a293d372) Importer(815301076,1909f56bfc062723c751e8b465ee728b)
Start importing Assets/BayatGames/Free Platform Game Assets/Tiles/2D Tiles ( Update 1.9 )/Autumn/128x128/GrassJoinHillRight2 DownShadow.png using Guid(cf009cee68ffabd4da43cef4a293d372) Importer(815301076,1909f56bfc062723c751e8b465ee728b)  -> (artifact id: 'd14ae65d224da6bc922bab1c69b1e965') in 0.052424 seconds 
  Import took 0.062483 seconds .

========================================================================
Received Import Request.
  Time since last request: 0.000622 seconds.
  path: Assets/BayatGames/Free Platform Game Assets/Tiles/2D Tiles ( Update 1.9 )/Autumn/128x128/GrassJoinHillRight2&Left2.png
  artifactKey: Guid(c572dafcaa2932f4980111a2b4ab977e) Importer(815301076,1909f56bfc062723c751e8b465ee728b)
Start importing Assets/BayatGames/Free Platform Game Assets/Tiles/2D Tiles ( Update 1.9 )/Autumn/128x128/GrassJoinHillRight2&Left2.png using Guid(c572dafcaa2932f4980111a2b4ab977e) Importer(815301076,1909f56bfc062723c751e8b465ee728b)  -> (artifact id: '1253d464b5625014c9a06fb6cab9c49b') in 0.041072 seconds 
  Import took 0.053227 seconds .

========================================================================
Received Import Request.
  Time since last request: 0.000638 seconds.
  path: Assets/BayatGames/Free Platform Game Assets/Tiles/2D Tiles ( Update 1.9 )/Autumn/128x128/GrassHillRight2 DownShadow.png
  artifactKey: Guid(7a066788bddaf4443ac747cea9ab415c) Importer(815301076,1909f56bfc062723c751e8b465ee728b)
Start importing Assets/BayatGames/Free Platform Game Assets/Tiles/2D Tiles ( Update 1.9 )/Autumn/128x128/GrassHillRight2 DownShadow.png using Guid(7a066788bddaf4443ac747cea9ab415c) Importer(815301076,1909f56bfc062723c751e8b465ee728b)  -> (artifact id: '93d6a583c5c3fe4be13b3c9c808131af') in 0.052062 seconds 
  Import took 0.062138 seconds .

========================================================================
Received Import Request.
  Time since last request: 0.000601 seconds.
  path: Assets/BayatGames/Free Platform Game Assets/Tiles/2D Tiles ( Update 1.9 )/Autumn/128x128/GrassMid.png
  artifactKey: Guid(81a811ecc61d9c14d93f7dbdeee253da) Importer(815301076,1909f56bfc062723c751e8b465ee728b)
Start importing Assets/BayatGames/Free Platform Game Assets/Tiles/2D Tiles ( Update 1.9 )/Autumn/128x128/GrassMid.png using Guid(81a811ecc61d9c14d93f7dbdeee253da) Importer(815301076,1909f56bfc062723c751e8b465ee728b)  -> (artifact id: '2e816df671bab70b9b5a6c97eccab50d') in 0.056691 seconds 
  Import took 0.067528 seconds .

========================================================================
Received Import Request.
  Time since last request: 0.001028 seconds.
  path: Assets/BayatGames/Free Platform Game Assets/Tiles/2D Tiles ( Update 1.9 )/Autumn/128x128/GrassHillLeft.png
  artifactKey: Guid(67ff0ac2f6a9516408f3b2116d604e45) Importer(815301076,1909f56bfc062723c751e8b465ee728b)
Start importing Assets/BayatGames/Free Platform Game Assets/Tiles/2D Tiles ( Update 1.9 )/Autumn/128x128/GrassHillLeft.png using Guid(67ff0ac2f6a9516408f3b2116d604e45) Importer(815301076,1909f56bfc062723c751e8b465ee728b)  -> (artifact id: 'c4615619d76b3de72d05ee6d443d05aa') in 0.036175 seconds 
  Import took 0.059807 seconds .

========================================================================
Received Import Request.
  Time since last request: 0.000561 seconds.
  path: Assets/BayatGames/Free Platform Game Assets/Tiles/2D Tiles ( Update 1.9 )/Autumn/128x128/GrassCliffMid.png
  artifactKey: Guid(7ba86cf90c6212242a19ed14895d16ac) Importer(815301076,1909f56bfc062723c751e8b465ee728b)
Start importing Assets/BayatGames/Free Platform Game Assets/Tiles/2D Tiles ( Update 1.9 )/Autumn/128x128/GrassCliffMid.png using Guid(7ba86cf90c6212242a19ed14895d16ac) Importer(815301076,1909f56bfc062723c751e8b465ee728b)  -> (artifact id: '935f4a54dc906e72a047504aa325da5b') in 0.033625 seconds 
  Import took 0.043468 seconds .

========================================================================
Received Import Request.
  Time since last request: 0.000555 seconds.
  path: Assets/BayatGames/Free Platform Game Assets/Tiles/2D Tiles ( Update 1.9 )/Autumn/128x128/GrassColumn.png
  artifactKey: Guid(d171fb091351c454492d8c6c8b00da87) Importer(815301076,1909f56bfc062723c751e8b465ee728b)
Start importing Assets/BayatGames/Free Platform Game Assets/Tiles/2D Tiles ( Update 1.9 )/Autumn/128x128/GrassColumn.png using Guid(d171fb091351c454492d8c6c8b00da87) Importer(815301076,1909f56bfc062723c751e8b465ee728b)  -> (artifact id: 'aa27324eab0f0f6ea12668b50b08321c') in 0.037519 seconds 
  Import took 0.049344 seconds .

========================================================================
Received Import Request.
  Time since last request: 175.590402 seconds.
  path: Assets/BayatGames/tiles/Grass.asset
  artifactKey: Guid(dbaa951f507dc3c4ba9332c1a4734f0c) Importer(815301076,1909f56bfc062723c751e8b465ee728b)
Start importing Assets/BayatGames/tiles/Grass.asset using Guid(dbaa951f507dc3c4ba9332c1a4734f0c) Importer(815301076,1909f56bfc062723c751e8b465ee728b)  -> (artifact id: 'c340124c678167c3f19277e332bafb36') in 0.150351 seconds 
  Import took 0.161068 seconds .

========================================================================
Received Import Request.
  Time since last request: 0.000632 seconds.
  path: Assets/BayatGames/tiles/GrassJoinHillRight2&Left2.asset
  artifactKey: Guid(f42dc611dc1358a429524b41c23e5981) Importer(815301076,1909f56bfc062723c751e8b465ee728b)
Start importing Assets/BayatGames/tiles/GrassJoinHillRight2&Left2.asset using Guid(f42dc611dc1358a429524b41c23e5981) Importer(815301076,1909f56bfc062723c751e8b465ee728b)  -> (artifact id: 'b804af23965ac046215b148a7596aed9') in 0.055165 seconds 
  Import took 0.064094 seconds .

========================================================================
Received Import Request.
  Time since last request: 0.000655 seconds.
  path: Assets/BayatGames/tiles/GrassCliffMid.asset
  artifactKey: Guid(f0cfa235f8bd66941968edd92e6d965f) Importer(815301076,1909f56bfc062723c751e8b465ee728b)
Start importing Assets/BayatGames/tiles/GrassCliffMid.asset using Guid(f0cfa235f8bd66941968edd92e6d965f) Importer(815301076,1909f56bfc062723c751e8b465ee728b)  -> (artifact id: '996ecfa8a7846a61e15f29af8b8b8f4d') in 0.051632 seconds 
  Import took 0.106702 seconds .

========================================================================
Received Import Request.
  Time since last request: 0.000720 seconds.
  path: Assets/BayatGames/tiles/GrassHillLeft.asset
  artifactKey: Guid(2bfd99b4dca84764fab4b2907674b5d3) Importer(815301076,1909f56bfc062723c751e8b465ee728b)
Start importing Assets/BayatGames/tiles/GrassHillLeft.asset using Guid(2bfd99b4dca84764fab4b2907674b5d3) Importer(815301076,1909f56bfc062723c751e8b465ee728b)  -> (artifact id: '3b1d8efed390b7998637864c3dbe4096') in 0.046582 seconds 
  Import took 0.076912 seconds .

========================================================================
Received Import Request.
  Time since last request: 0.000750 seconds.
  path: Assets/BayatGames/tiles/GrassHillLeft2.asset
  artifactKey: Guid(70b0c5377d9fa374db91ab7d744e03e4) Importer(815301076,1909f56bfc062723c751e8b465ee728b)
Start importing Assets/BayatGames/tiles/GrassHillLeft2.asset using Guid(70b0c5377d9fa374db91ab7d744e03e4) Importer(815301076,1909f56bfc062723c751e8b465ee728b)  -> (artifact id: '89248e9d640f7747890dccf06396abef') in 0.053625 seconds 
  Import took 0.093185 seconds .

========================================================================
Received Import Request.
  Time since last request: 0.000602 seconds.
  path: Assets/BayatGames/tiles/GrassJoinHillRight2&Left2 DownShadow.asset
  artifactKey: Guid(6892f1f81db694b49827005f6e43424d) Importer(815301076,1909f56bfc062723c751e8b465ee728b)
Start importing Assets/BayatGames/tiles/GrassJoinHillRight2&Left2 DownShadow.asset using Guid(6892f1f81db694b49827005f6e43424d) Importer(815301076,1909f56bfc062723c751e8b465ee728b)  -> (artifact id: 'f0798a70a1a34130852f15b08bf4d75f') in 0.046743 seconds 
  Import took 0.078834 seconds .

========================================================================
Received Import Request.
  Time since last request: 0.000637 seconds.
  path: Assets/BayatGames/tiles/GrassJoinHillRight2 DownShadow.asset
  artifactKey: Guid(74ffd8512c394584cac10831a02faad0) Importer(815301076,1909f56bfc062723c751e8b465ee728b)
Start importing Assets/BayatGames/tiles/GrassJoinHillRight2 DownShadow.asset using Guid(74ffd8512c394584cac10831a02faad0) Importer(815301076,1909f56bfc062723c751e8b465ee728b)  -> (artifact id: '3a5e920c1a5ab5204a4e32aef62edab9') in 0.033320 seconds 
  Import took 0.064648 seconds .

========================================================================
Received Import Request.
  Time since last request: 0.000599 seconds.
  path: Assets/BayatGames/tiles/GrassJoinHillRight2.asset
  artifactKey: Guid(76e8cea409a8099438f8987ec5d7c0d3) Importer(815301076,1909f56bfc062723c751e8b465ee728b)
Start importing Assets/BayatGames/tiles/GrassJoinHillRight2.asset using Guid(76e8cea409a8099438f8987ec5d7c0d3) Importer(815301076,1909f56bfc062723c751e8b465ee728b)  -> (artifact id: '259e709109cde76b78cdfc455887d005') in 0.035085 seconds 
  Import took 0.078338 seconds .

========================================================================
Received Import Request.
  Time since last request: 0.000600 seconds.
  path: Assets/BayatGames/tiles/GrassHillRight2 DownShadow.asset
  artifactKey: Guid(53bd40e05f5492d4cabc9b563e2294e9) Importer(815301076,1909f56bfc062723c751e8b465ee728b)
Start importing Assets/BayatGames/tiles/GrassHillRight2 DownShadow.asset using Guid(53bd40e05f5492d4cabc9b563e2294e9) Importer(815301076,1909f56bfc062723c751e8b465ee728b)  -> (artifact id: '41c799f0a6081020b72bc356bbf069d7') in 0.037411 seconds 
  Import took 0.058126 seconds .

========================================================================
Received Import Request.
  Time since last request: 0.000705 seconds.
  path: Assets/BayatGames/tiles/GrassCliffLeft.asset
  artifactKey: Guid(3cee098d56b834e49bd65790c52fe30b) Importer(815301076,1909f56bfc062723c751e8b465ee728b)
Start importing Assets/BayatGames/tiles/GrassCliffLeft.asset using Guid(3cee098d56b834e49bd65790c52fe30b) Importer(815301076,1909f56bfc062723c751e8b465ee728b)  -> (artifact id: 'ceb6d0671893eee28970d2c86854020d') in 0.040851 seconds 
  Import took 0.063751 seconds .

========================================================================
Received Import Request.
  Time since last request: 0.000619 seconds.
  path: Assets/BayatGames/tiles/GrassColumn.asset
  artifactKey: Guid(806eebbeef519cd4082a2dca4fd7bb02) Importer(815301076,1909f56bfc062723c751e8b465ee728b)
Start importing Assets/BayatGames/tiles/GrassColumn.asset using Guid(806eebbeef519cd4082a2dca4fd7bb02) Importer(815301076,1909f56bfc062723c751e8b465ee728b)  -> (artifact id: '916eb65c1af80c19019e3506d6965764') in 0.039078 seconds 
  Import took 0.052190 seconds .

========================================================================
Received Import Request.
  Time since last request: 0.000575 seconds.
  path: Assets/BayatGames/tiles/GrassHillLeft2 DownShadow.asset
  artifactKey: Guid(2e29864829d0279489ae04a971431820) Importer(815301076,1909f56bfc062723c751e8b465ee728b)
Start importing Assets/BayatGames/tiles/GrassHillLeft2 DownShadow.asset using Guid(2e29864829d0279489ae04a971431820) Importer(815301076,1909f56bfc062723c751e8b465ee728b)  -> (artifact id: '331e60cc68905fffe86e041199305d1a') in 0.040011 seconds 
  Import took 0.064704 seconds .

========================================================================
Received Import Request.
  Time since last request: 0.000646 seconds.
  path: Assets/BayatGames/tiles/GrassHillRight.asset
  artifactKey: Guid(c43677a773c60674890c94674d655ea2) Importer(815301076,1909f56bfc062723c751e8b465ee728b)
Start importing Assets/BayatGames/tiles/GrassHillRight.asset using Guid(c43677a773c60674890c94674d655ea2) Importer(815301076,1909f56bfc062723c751e8b465ee728b)  -> (artifact id: 'ecbacfb9c430a061b1825ec4141c83ac') in 0.027654 seconds 
  Import took 0.037543 seconds .

========================================================================
Received Import Request.
  Time since last request: 0.000658 seconds.
  path: Assets/BayatGames/tiles/GrassJoinHillLeft2.asset
  artifactKey: Guid(11dcd8273e603404ea0c273d048cd1ab) Importer(815301076,1909f56bfc062723c751e8b465ee728b)
Start importing Assets/BayatGames/tiles/GrassJoinHillLeft2.asset using Guid(11dcd8273e603404ea0c273d048cd1ab) Importer(815301076,1909f56bfc062723c751e8b465ee728b)  -> (artifact id: '70e40088aea30a03ea2d1f38567a5f2b') in 0.040613 seconds 
  Import took 0.052579 seconds .

========================================================================
Received Import Request.
  Time since last request: 0.000516 seconds.
  path: Assets/BayatGames/tiles/GrassJoinHillRight.asset
  artifactKey: Guid(c0b60cc359320e142b0e1e76c6d5b003) Importer(815301076,1909f56bfc062723c751e8b465ee728b)
Start importing Assets/BayatGames/tiles/GrassJoinHillRight.asset using Guid(c0b60cc359320e142b0e1e76c6d5b003) Importer(815301076,1909f56bfc062723c751e8b465ee728b)  -> (artifact id: 'b6cfed4980a565139b2cc29eb0789c71') in 0.027594 seconds 
  Import took 0.038949 seconds .

========================================================================
Received Import Request.
  Time since last request: 0.000609 seconds.
  path: Assets/BayatGames/tiles/GrassMid.asset
  artifactKey: Guid(739fbee9d7ffeea48b9bd5453c06dcae) Importer(815301076,1909f56bfc062723c751e8b465ee728b)
Start importing Assets/BayatGames/tiles/GrassMid.asset using Guid(739fbee9d7ffeea48b9bd5453c06dcae) Importer(815301076,1909f56bfc062723c751e8b465ee728b)  -> (artifact id: '39badd60c2f4be17e959359ff260c15e') in 0.042742 seconds 
  Import took 0.072294 seconds .

========================================================================
Received Import Request.
  Time since last request: 0.000844 seconds.
  path: Assets/BayatGames/tiles/GrassJoinHillLeft2 DownShadow.asset
  artifactKey: Guid(49ffdcf283948444abb1c4c0ac42f1ce) Importer(815301076,1909f56bfc062723c751e8b465ee728b)
Start importing Assets/BayatGames/tiles/GrassJoinHillLeft2 DownShadow.asset using Guid(49ffdcf283948444abb1c4c0ac42f1ce) Importer(815301076,1909f56bfc062723c751e8b465ee728b)  -> (artifact id: 'd7b172adefc8b858dca8436f6311d75b') in 0.042331 seconds 
  Import took 0.056147 seconds .

========================================================================
Received Import Request.
  Time since last request: 0.000550 seconds.
  path: Assets/BayatGames/tiles/GrassLeft.asset
  artifactKey: Guid(eeb9c682157566b4caefaf1d5c65dcc9) Importer(815301076,1909f56bfc062723c751e8b465ee728b)
Start importing Assets/BayatGames/tiles/GrassLeft.asset using Guid(eeb9c682157566b4caefaf1d5c65dcc9) Importer(815301076,1909f56bfc062723c751e8b465ee728b)  -> (artifact id: 'e02a6fd31a55fcf0c00a4a94088f60aa') in 0.032993 seconds 
  Import took 0.043694 seconds .

========================================================================
Received Import Request.
  Time since last request: 0.000613 seconds.
  path: Assets/BayatGames/tiles/GrassJoinHillLeft&Right.asset
  artifactKey: Guid(76e7ae52ffc951a4ebbcc89ca1218a2b) Importer(815301076,1909f56bfc062723c751e8b465ee728b)
Start importing Assets/BayatGames/tiles/GrassJoinHillLeft&Right.asset using Guid(76e7ae52ffc951a4ebbcc89ca1218a2b) Importer(815301076,1909f56bfc062723c751e8b465ee728b)  -> (artifact id: 'd1d13c161f20d55383526e80b8a2528f') in 0.070850 seconds 
  Import took 0.082004 seconds .

========================================================================
Received Import Request.
  Time since last request: 0.000574 seconds.
  path: Assets/BayatGames/tiles/GrassRight.asset
  artifactKey: Guid(20feda0f987c1224c8cf7d3a0ba238d7) Importer(815301076,1909f56bfc062723c751e8b465ee728b)
Start importing Assets/BayatGames/tiles/GrassRight.asset using Guid(20feda0f987c1224c8cf7d3a0ba238d7) Importer(815301076,1909f56bfc062723c751e8b465ee728b)  -> (artifact id: '48eab8f1174978ecde8540a15c798094') in 0.041167 seconds 
  Import took 0.066676 seconds .

========================================================================
Received Import Request.
  Time since last request: 0.000646 seconds.
  path: Assets/BayatGames/tiles/GrassJoinHillLeft.asset
  artifactKey: Guid(ca6fdcf0aa411e447bbe16a576a6f24e) Importer(815301076,1909f56bfc062723c751e8b465ee728b)
Start importing Assets/BayatGames/tiles/GrassJoinHillLeft.asset using Guid(ca6fdcf0aa411e447bbe16a576a6f24e) Importer(815301076,1909f56bfc062723c751e8b465ee728b)  -> (artifact id: '338f8d126d0426b2d0c0d50e94242274') in 0.184633 seconds 
  Import took 0.217627 seconds .

========================================================================
Received Import Request.
  Time since last request: 0.000641 seconds.
  path: Assets/BayatGames/tiles/GrassHillRight2.asset
  artifactKey: Guid(44ebd1c1ca90f924eb7b311fa5deb4dc) Importer(815301076,1909f56bfc062723c751e8b465ee728b)
Start importing Assets/BayatGames/tiles/GrassHillRight2.asset using Guid(44ebd1c1ca90f924eb7b311fa5deb4dc) Importer(815301076,1909f56bfc062723c751e8b465ee728b)  -> (artifact id: '6ec46e35b9577229639f779dc004e75f') in 0.041276 seconds 
  Import took 0.054559 seconds .

========================================================================
Received Import Request.
  Time since last request: 0.000591 seconds.
  path: Assets/BayatGames/tiles/GrassCliffRight.asset
  artifactKey: Guid(b976d675fe39e4f4b908767614bf4bd8) Importer(815301076,1909f56bfc062723c751e8b465ee728b)
Start importing Assets/BayatGames/tiles/GrassCliffRight.asset using Guid(b976d675fe39e4f4b908767614bf4bd8) Importer(815301076,1909f56bfc062723c751e8b465ee728b)  -> (artifact id: '23f160dca02694d742cc0922a032a90d') in 0.039124 seconds 
  Import took 0.071927 seconds .

========================================================================
Received Import Request.
  Time since last request: 5.810064 seconds.
  path: Assets/BayatGames/Free Platform Game Assets/Tiles/2D Tiles ( Update 1.9 )/Autumn/256x256/Grass.png
  artifactKey: Guid(d2e5333787caeaf4ebffc05559c3d256) Importer(815301076,1909f56bfc062723c751e8b465ee728b)
Start importing Assets/BayatGames/Free Platform Game Assets/Tiles/2D Tiles ( Update 1.9 )/Autumn/256x256/Grass.png using Guid(d2e5333787caeaf4ebffc05559c3d256) Importer(815301076,1909f56bfc062723c751e8b465ee728b)  -> (artifact id: 'a2c7f206effe2b8e7ee748f766eb1ab8') in 0.087077 seconds 
  Import took 0.125327 seconds .

========================================================================
Received Import Request.
  Time since last request: 0.000623 seconds.
  path: Assets/BayatGames/Free Platform Game Assets/Tiles/2D Tiles ( Update 1.9 )/Autumn/256x256/GrassHillRight2.png
  artifactKey: Guid(244d59731ee2a984ebb854f847d30cab) Importer(815301076,1909f56bfc062723c751e8b465ee728b)
Start importing Assets/BayatGames/Free Platform Game Assets/Tiles/2D Tiles ( Update 1.9 )/Autumn/256x256/GrassHillRight2.png using Guid(244d59731ee2a984ebb854f847d30cab) Importer(815301076,1909f56bfc062723c751e8b465ee728b)  -> (artifact id: 'bcf779d0640fd71da83214885627a478') in 0.067703 seconds 
  Import took 0.085718 seconds .

========================================================================
Received Import Request.
  Time since last request: 0.000624 seconds.
  path: Assets/BayatGames/Free Platform Game Assets/Tiles/2D Tiles ( Update 1.9 )/Autumn/256x256/GrassHillRight2 DownShadow.png
  artifactKey: Guid(6c8758634bc2a704d91737a0480258bf) Importer(815301076,1909f56bfc062723c751e8b465ee728b)
Start importing Assets/BayatGames/Free Platform Game Assets/Tiles/2D Tiles ( Update 1.9 )/Autumn/256x256/GrassHillRight2 DownShadow.png using Guid(6c8758634bc2a704d91737a0480258bf) Importer(815301076,1909f56bfc062723c751e8b465ee728b)  -> (artifact id: 'a2dd2873abd89529bcfbddbe77c71ae4') in 0.085848 seconds 
  Import took 0.095273 seconds .

========================================================================
Received Import Request.
  Time since last request: 0.000568 seconds.
  path: Assets/BayatGames/Free Platform Game Assets/Tiles/2D Tiles ( Update 1.9 )/Autumn/256x256/GrassJoinHillLeft2 DownShadow.png
  artifactKey: Guid(2abe0c6884fe6d54490c02fe31cb3bbe) Importer(815301076,1909f56bfc062723c751e8b465ee728b)
Start importing Assets/BayatGames/Free Platform Game Assets/Tiles/2D Tiles ( Update 1.9 )/Autumn/256x256/GrassJoinHillLeft2 DownShadow.png using Guid(2abe0c6884fe6d54490c02fe31cb3bbe) Importer(815301076,1909f56bfc062723c751e8b465ee728b)  -> (artifact id: '23aa6d64f843f011d09cba6df678236c') in 0.073930 seconds 
  Import took 0.082709 seconds .

========================================================================
Received Import Request.
  Time since last request: 0.000620 seconds.
  path: Assets/BayatGames/Free Platform Game Assets/Tiles/2D Tiles ( Update 1.9 )/Autumn/256x256/GrassCliffLeft.png
  artifactKey: Guid(b0fabf9bb2d1c5c4ab33252072ce8919) Importer(815301076,1909f56bfc062723c751e8b465ee728b)
Start importing Assets/BayatGames/Free Platform Game Assets/Tiles/2D Tiles ( Update 1.9 )/Autumn/256x256/GrassCliffLeft.png using Guid(b0fabf9bb2d1c5c4ab33252072ce8919) Importer(815301076,1909f56bfc062723c751e8b465ee728b)  -> (artifact id: '25824b8ad73d87fbd8a02f5fcc393217') in 0.066952 seconds 
  Import took 0.075632 seconds .

========================================================================
Received Import Request.
  Time since last request: 0.000518 seconds.
  path: Assets/BayatGames/Free Platform Game Assets/Tiles/2D Tiles ( Update 1.9 )/Autumn/256x256/GrassMid.png
  artifactKey: Guid(4e78236c1a8223e48862222a09aedd8d) Importer(815301076,1909f56bfc062723c751e8b465ee728b)
Start importing Assets/BayatGames/Free Platform Game Assets/Tiles/2D Tiles ( Update 1.9 )/Autumn/256x256/GrassMid.png using Guid(4e78236c1a8223e48862222a09aedd8d) Importer(815301076,1909f56bfc062723c751e8b465ee728b)  -> (artifact id: 'e4a438ec2ef7145191115c294d3f2bf2') in 0.072705 seconds 
  Import took 0.116218 seconds .

========================================================================
Received Import Request.
  Time since last request: 0.000742 seconds.
  path: Assets/BayatGames/Free Platform Game Assets/Tiles/2D Tiles ( Update 1.9 )/Autumn/256x256/GrassLeft.png
  artifactKey: Guid(17e12354edd794c4c999ea492cb577c4) Importer(815301076,1909f56bfc062723c751e8b465ee728b)
Start importing Assets/BayatGames/Free Platform Game Assets/Tiles/2D Tiles ( Update 1.9 )/Autumn/256x256/GrassLeft.png using Guid(17e12354edd794c4c999ea492cb577c4) Importer(815301076,1909f56bfc062723c751e8b465ee728b)  -> (artifact id: '39ecbcea59456d761daeb1173aee9006') in 0.102853 seconds 
  Import took 0.112563 seconds .

========================================================================
Received Import Request.
  Time since last request: 0.000804 seconds.
  path: Assets/BayatGames/Free Platform Game Assets/Tiles/2D Tiles ( Update 1.9 )/Autumn/256x256/GrassJoinHillLeft.png
  artifactKey: Guid(2490eadba64dad743bbd12698078ed3e) Importer(815301076,1909f56bfc062723c751e8b465ee728b)
Start importing Assets/BayatGames/Free Platform Game Assets/Tiles/2D Tiles ( Update 1.9 )/Autumn/256x256/GrassJoinHillLeft.png using Guid(2490eadba64dad743bbd12698078ed3e) Importer(815301076,1909f56bfc062723c751e8b465ee728b)  -> (artifact id: '917400756f0b01f26990c3074b88adc4') in 0.050918 seconds 
  Import took 0.060368 seconds .

========================================================================
Received Import Request.
  Time since last request: 0.000666 seconds.
  path: Assets/BayatGames/Free Platform Game Assets/Tiles/2D Tiles ( Update 1.9 )/Autumn/256x256/GrassHillLeft.png
  artifactKey: Guid(13a295e9d3e7cee4dbc0d43988478b6d) Importer(815301076,1909f56bfc062723c751e8b465ee728b)
Start importing Assets/BayatGames/Free Platform Game Assets/Tiles/2D Tiles ( Update 1.9 )/Autumn/256x256/GrassHillLeft.png using Guid(13a295e9d3e7cee4dbc0d43988478b6d) Importer(815301076,1909f56bfc062723c751e8b465ee728b)  -> (artifact id: '4be47f25520e498d3d46b9dc874d76cf') in 0.073500 seconds 
  Import took 0.102337 seconds .

========================================================================
Received Import Request.
  Time since last request: 0.000645 seconds.
  path: Assets/BayatGames/Free Platform Game Assets/Tiles/2D Tiles ( Update 1.9 )/Autumn/256x256/GrassJoinHillRight2&Left2.png
  artifactKey: Guid(b3877fb12bc2b2741b4e74a6f9540378) Importer(815301076,1909f56bfc062723c751e8b465ee728b)
Start importing Assets/BayatGames/Free Platform Game Assets/Tiles/2D Tiles ( Update 1.9 )/Autumn/256x256/GrassJoinHillRight2&Left2.png using Guid(b3877fb12bc2b2741b4e74a6f9540378) Importer(815301076,1909f56bfc062723c751e8b465ee728b)  -> (artifact id: '4e6bbb0e6f916192a02fc8625798e0ce') in 0.059802 seconds 
  Import took 0.069220 seconds .

========================================================================
Received Import Request.
  Time since last request: 0.000564 seconds.
  path: Assets/BayatGames/Free Platform Game Assets/Tiles/2D Tiles ( Update 1.9 )/Autumn/256x256/GrassRight.png
  artifactKey: Guid(1051a7b99ed61a449a2c4701a522121d) Importer(815301076,1909f56bfc062723c751e8b465ee728b)
Start importing Assets/BayatGames/Free Platform Game Assets/Tiles/2D Tiles ( Update 1.9 )/Autumn/256x256/GrassRight.png using Guid(1051a7b99ed61a449a2c4701a522121d) Importer(815301076,1909f56bfc062723c751e8b465ee728b)  -> (artifact id: '480dadfdc56054ac86812fa1bb55ae08') in 0.069777 seconds 
  Import took 0.080809 seconds .

========================================================================
Received Import Request.
  Time since last request: 0.000672 seconds.
  path: Assets/BayatGames/Free Platform Game Assets/Tiles/2D Tiles ( Update 1.9 )/Autumn/256x256/GrassJoinHillLeft2.png
  artifactKey: Guid(a38077da8ace4b8448295159bdbfa350) Importer(815301076,1909f56bfc062723c751e8b465ee728b)
Start importing Assets/BayatGames/Free Platform Game Assets/Tiles/2D Tiles ( Update 1.9 )/Autumn/256x256/GrassJoinHillLeft2.png using Guid(a38077da8ace4b8448295159bdbfa350) Importer(815301076,1909f56bfc062723c751e8b465ee728b)  -> (artifact id: 'bf7a9c1430a52e3b02c6dd183d318303') in 0.073640 seconds 
  Import took 0.083757 seconds .

========================================================================
Received Import Request.
  Time since last request: 0.000580 seconds.
  path: Assets/BayatGames/Free Platform Game Assets/Tiles/2D Tiles ( Update 1.9 )/Autumn/256x256/GrassCliffMid.png
  artifactKey: Guid(f49938fd5e962834d80abcc368229c65) Importer(815301076,1909f56bfc062723c751e8b465ee728b)
Start importing Assets/BayatGames/Free Platform Game Assets/Tiles/2D Tiles ( Update 1.9 )/Autumn/256x256/GrassCliffMid.png using Guid(f49938fd5e962834d80abcc368229c65) Importer(815301076,1909f56bfc062723c751e8b465ee728b)  -> (artifact id: '82207b23dd09c649ace7a149066f809b') in 0.068937 seconds 
  Import took 0.080190 seconds .

========================================================================
Received Import Request.
  Time since last request: 0.000562 seconds.
  path: Assets/BayatGames/Free Platform Game Assets/Tiles/2D Tiles ( Update 1.9 )/Autumn/256x256/GrassJoinHillLeft&Right.png
  artifactKey: Guid(4116ffbebb8ddd644aba5912193e0239) Importer(815301076,1909f56bfc062723c751e8b465ee728b)
Start importing Assets/BayatGames/Free Platform Game Assets/Tiles/2D Tiles ( Update 1.9 )/Autumn/256x256/GrassJoinHillLeft&Right.png using Guid(4116ffbebb8ddd644aba5912193e0239) Importer(815301076,1909f56bfc062723c751e8b465ee728b)  -> (artifact id: '7364ad7b9c27f90361e302a7d267a6c7') in 0.098711 seconds 
  Import took 0.124192 seconds .

========================================================================
Received Import Request.
  Time since last request: 0.000511 seconds.
  path: Assets/BayatGames/Free Platform Game Assets/Tiles/2D Tiles ( Update 1.9 )/Autumn/256x256/GrassJoinHillRight2.png
  artifactKey: Guid(4a9cb17f4295c514592d7996bca929dc) Importer(815301076,1909f56bfc062723c751e8b465ee728b)
Start importing Assets/BayatGames/Free Platform Game Assets/Tiles/2D Tiles ( Update 1.9 )/Autumn/256x256/GrassJoinHillRight2.png using Guid(4a9cb17f4295c514592d7996bca929dc) Importer(815301076,1909f56bfc062723c751e8b465ee728b)  -> (artifact id: 'a94306805cbe50ed8bcfb8f24d45b93a') in 0.072649 seconds 
  Import took 0.081831 seconds .

========================================================================
Received Import Request.
  Time since last request: 0.000503 seconds.
  path: Assets/BayatGames/Free Platform Game Assets/Tiles/2D Tiles ( Update 1.9 )/Autumn/256x256/GrassHillRight.png
  artifactKey: Guid(152b2b65b59347340bb65094f8e846a6) Importer(815301076,1909f56bfc062723c751e8b465ee728b)
Start importing Assets/BayatGames/Free Platform Game Assets/Tiles/2D Tiles ( Update 1.9 )/Autumn/256x256/GrassHillRight.png using Guid(152b2b65b59347340bb65094f8e846a6) Importer(815301076,1909f56bfc062723c751e8b465ee728b)  -> (artifact id: 'a2b353934312e964c2db2940e9c64d2a') in 0.070985 seconds 
  Import took 0.079716 seconds .

========================================================================
Received Import Request.
  Time since last request: 0.000510 seconds.
  path: Assets/BayatGames/Free Platform Game Assets/Tiles/2D Tiles ( Update 1.9 )/Autumn/256x256/GrassHillLeft2.png
  artifactKey: Guid(e5977bf53b642514b9e120b34ce13480) Importer(815301076,1909f56bfc062723c751e8b465ee728b)
Start importing Assets/BayatGames/Free Platform Game Assets/Tiles/2D Tiles ( Update 1.9 )/Autumn/256x256/GrassHillLeft2.png using Guid(e5977bf53b642514b9e120b34ce13480) Importer(815301076,1909f56bfc062723c751e8b465ee728b)  -> (artifact id: 'f86f81e3a52aecd668aa81493dc47edc') in 0.068735 seconds 
  Import took 0.078575 seconds .

========================================================================
Received Import Request.
  Time since last request: 0.000613 seconds.
  path: Assets/BayatGames/Free Platform Game Assets/Tiles/2D Tiles ( Update 1.9 )/Autumn/256x256/GrassColumn.png
  artifactKey: Guid(4c563e929510fb542b59840d133aa24d) Importer(815301076,1909f56bfc062723c751e8b465ee728b)
Start importing Assets/BayatGames/Free Platform Game Assets/Tiles/2D Tiles ( Update 1.9 )/Autumn/256x256/GrassColumn.png using Guid(4c563e929510fb542b59840d133aa24d) Importer(815301076,1909f56bfc062723c751e8b465ee728b)  -> (artifact id: '4c0c96c55259e306ed4da25e4ffb031d') in 0.072181 seconds 
  Import took 0.080326 seconds .

========================================================================
Received Import Request.
  Time since last request: 0.000532 seconds.
  path: Assets/BayatGames/Free Platform Game Assets/Tiles/2D Tiles ( Update 1.9 )/Autumn/256x256/GrassHillLeft2 DownShadow.png
  artifactKey: Guid(b18cc5ea85fc62740aea736cbf271b00) Importer(815301076,1909f56bfc062723c751e8b465ee728b)
Start importing Assets/BayatGames/Free Platform Game Assets/Tiles/2D Tiles ( Update 1.9 )/Autumn/256x256/GrassHillLeft2 DownShadow.png using Guid(b18cc5ea85fc62740aea736cbf271b00) Importer(815301076,1909f56bfc062723c751e8b465ee728b)  -> (artifact id: 'ea3c20ab4a5214710f8fa2035a332bc0') in 0.083865 seconds 
  Import took 0.110198 seconds .

========================================================================
Received Import Request.
  Time since last request: 0.000873 seconds.
  path: Assets/BayatGames/Free Platform Game Assets/Tiles/2D Tiles ( Update 1.9 )/Autumn/256x256/GrassJoinHillRight2 DownShadow.png
  artifactKey: Guid(1d3ca053d9823694ea8522c83c69f62e) Importer(815301076,1909f56bfc062723c751e8b465ee728b)
Start importing Assets/BayatGames/Free Platform Game Assets/Tiles/2D Tiles ( Update 1.9 )/Autumn/256x256/GrassJoinHillRight2 DownShadow.png using Guid(1d3ca053d9823694ea8522c83c69f62e) Importer(815301076,1909f56bfc062723c751e8b465ee728b)  -> (artifact id: '99bc833ec200187d66d696bf5e539e34') in 0.064321 seconds 
  Import took 0.086245 seconds .

========================================================================
Received Import Request.
  Time since last request: 0.000661 seconds.
  path: Assets/BayatGames/Free Platform Game Assets/Tiles/2D Tiles ( Update 1.9 )/Autumn/256x256/GrassCliffRight.png
  artifactKey: Guid(0e046149a23c8604189ebedb79436c9d) Importer(815301076,1909f56bfc062723c751e8b465ee728b)
Start importing Assets/BayatGames/Free Platform Game Assets/Tiles/2D Tiles ( Update 1.9 )/Autumn/256x256/GrassCliffRight.png using Guid(0e046149a23c8604189ebedb79436c9d) Importer(815301076,1909f56bfc062723c751e8b465ee728b)  -> (artifact id: 'a5cb59db7fe87c333e7595683c014a0f') in 0.061133 seconds 
  Import took 0.069975 seconds .

========================================================================
Received Import Request.
  Time since last request: 0.000625 seconds.
  path: Assets/BayatGames/Free Platform Game Assets/Tiles/2D Tiles ( Update 1.9 )/Autumn/256x256/GrassJoinHillRight.png
  artifactKey: Guid(086002ad15a2a5242a7bfbac33353fa9) Importer(815301076,1909f56bfc062723c751e8b465ee728b)
Start importing Assets/BayatGames/Free Platform Game Assets/Tiles/2D Tiles ( Update 1.9 )/Autumn/256x256/GrassJoinHillRight.png using Guid(086002ad15a2a5242a7bfbac33353fa9) Importer(815301076,1909f56bfc062723c751e8b465ee728b)  -> (artifact id: 'a99d90853a2010dec0d0165223ed910f') in 0.086608 seconds 
  Import took 0.094830 seconds .

========================================================================
Received Import Request.
  Time since last request: 0.000571 seconds.
  path: Assets/BayatGames/Free Platform Game Assets/Tiles/2D Tiles ( Update 1.9 )/Autumn/256x256/GrassCliffRight.png
  artifactKey: Guid(0e046149a23c8604189ebedb79436c9d) Importer(815301076,1909f56bfc062723c751e8b465ee728b)
Start importing Assets/BayatGames/Free Platform Game Assets/Tiles/2D Tiles ( Update 1.9 )/Autumn/256x256/GrassCliffRight.png using Guid(0e046149a23c8604189ebedb79436c9d) Importer(815301076,1909f56bfc062723c751e8b465ee728b)  -> (artifact id: 'a5cb59db7fe87c333e7595683c014a0f') in 0.023429 seconds 
  Import took 0.031947 seconds .

========================================================================
Received Import Request.
  Time since last request: 0.000610 seconds.
  path: Assets/BayatGames/Free Platform Game Assets/Tiles/2D Tiles ( Update 1.9 )/Autumn/256x256/GrassJoinHillRight2&Left2 DownShadow.png
  artifactKey: Guid(78af1c8a65976ce47935d6b852c4f37b) Importer(815301076,1909f56bfc062723c751e8b465ee728b)
Start importing Assets/BayatGames/Free Platform Game Assets/Tiles/2D Tiles ( Update 1.9 )/Autumn/256x256/GrassJoinHillRight2&Left2 DownShadow.png using Guid(78af1c8a65976ce47935d6b852c4f37b) Importer(815301076,1909f56bfc062723c751e8b465ee728b)  -> (artifact id: '1f7b333052df546868e87346a7b91566') in 0.089715 seconds 
  Import took 0.099506 seconds .

========================================================================
Received Import Request.
  Time since last request: 1.977350 seconds.
  path: Assets/BayatGames/Free Platform Game Assets/Tiles/2D Tiles ( Update 1.9 )/Autumn/512x512/Grass.png
  artifactKey: Guid(3c2530d80fa62ca469dc488438556969) Importer(815301076,1909f56bfc062723c751e8b465ee728b)
Start importing Assets/BayatGames/Free Platform Game Assets/Tiles/2D Tiles ( Update 1.9 )/Autumn/512x512/Grass.png using Guid(3c2530d80fa62ca469dc488438556969) Importer(815301076,1909f56bfc062723c751e8b465ee728b)  -> (artifact id: '4c8d5a76074dfea513549ada7d0ce195') in 0.064529 seconds 
  Import took 0.074061 seconds .

========================================================================
Received Import Request.
  Time since last request: 0.000680 seconds.
  path: Assets/BayatGames/Free Platform Game Assets/Tiles/2D Tiles ( Update 1.9 )/Autumn/512x512/GrassCliffRight.png
  artifactKey: Guid(265524f47bb91e844a279a73306cb424) Importer(815301076,1909f56bfc062723c751e8b465ee728b)
Start importing Assets/BayatGames/Free Platform Game Assets/Tiles/2D Tiles ( Update 1.9 )/Autumn/512x512/GrassCliffRight.png using Guid(265524f47bb91e844a279a73306cb424) Importer(815301076,1909f56bfc062723c751e8b465ee728b)  -> (artifact id: '2ecbaec7aa1ffdb545c4ee6c1aa7cf3c') in 0.075505 seconds 
  Import took 0.141401 seconds .

========================================================================
Received Import Request.
  Time since last request: 0.000694 seconds.
  path: Assets/BayatGames/Free Platform Game Assets/Tiles/2D Tiles ( Update 1.9 )/Autumn/512x512/GrassJoinHillLeft&Right.png
  artifactKey: Guid(2d4942dcddcf47b4bb00b7c9433c4a0c) Importer(815301076,1909f56bfc062723c751e8b465ee728b)
Start importing Assets/BayatGames/Free Platform Game Assets/Tiles/2D Tiles ( Update 1.9 )/Autumn/512x512/GrassJoinHillLeft&Right.png using Guid(2d4942dcddcf47b4bb00b7c9433c4a0c) Importer(815301076,1909f56bfc062723c751e8b465ee728b)  -> (artifact id: 'e5a246d1bad8b54c65ab737222bbaecb') in 0.062593 seconds 
  Import took 0.095279 seconds .

========================================================================
Received Import Request.
  Time since last request: 0.000697 seconds.
  path: Assets/BayatGames/Free Platform Game Assets/Tiles/2D Tiles ( Update 1.9 )/Autumn/512x512/GrassJoinHillRight2.png
  artifactKey: Guid(feef1053fee14ad4e9e24adc2a5737d7) Importer(815301076,1909f56bfc062723c751e8b465ee728b)
Start importing Assets/BayatGames/Free Platform Game Assets/Tiles/2D Tiles ( Update 1.9 )/Autumn/512x512/GrassJoinHillRight2.png using Guid(feef1053fee14ad4e9e24adc2a5737d7) Importer(815301076,1909f56bfc062723c751e8b465ee728b)  -> (artifact id: 'f11c46cbb777afa834253341306eea55') in 0.092947 seconds 
  Import took 0.102223 seconds .

========================================================================
Received Import Request.
  Time since last request: 0.000550 seconds.
  path: Assets/BayatGames/Free Platform Game Assets/Tiles/2D Tiles ( Update 1.9 )/Autumn/512x512/GrassCliffMid.png
  artifactKey: Guid(24060c96663a0ba4b958e9f8293b5905) Importer(815301076,1909f56bfc062723c751e8b465ee728b)
Start importing Assets/BayatGames/Free Platform Game Assets/Tiles/2D Tiles ( Update 1.9 )/Autumn/512x512/GrassCliffMid.png using Guid(24060c96663a0ba4b958e9f8293b5905) Importer(815301076,1909f56bfc062723c751e8b465ee728b)  -> (artifact id: 'eff0183a1fb78b76e86b18386bc9e5a4') in 0.071448 seconds 
  Import took 0.081008 seconds .

========================================================================
Received Import Request.
  Time since last request: 0.001280 seconds.
  path: Assets/BayatGames/Free Platform Game Assets/Tiles/2D Tiles ( Update 1.9 )/Autumn/512x512/GrassJoinHillRight2&Left2 DownShadow.png
  artifactKey: Guid(e56bdcd94393908488c4da82640b3329) Importer(815301076,1909f56bfc062723c751e8b465ee728b)
Start importing Assets/BayatGames/Free Platform Game Assets/Tiles/2D Tiles ( Update 1.9 )/Autumn/512x512/GrassJoinHillRight2&Left2 DownShadow.png using Guid(e56bdcd94393908488c4da82640b3329) Importer(815301076,1909f56bfc062723c751e8b465ee728b)  -> (artifact id: '537157c49032cebf36a61bc97ab1c818') in 0.065444 seconds 
  Import took 0.074938 seconds .

========================================================================
Received Import Request.
  Time since last request: 0.000561 seconds.
  path: Assets/BayatGames/Free Platform Game Assets/Tiles/2D Tiles ( Update 1.9 )/Autumn/512x512/GrassCliffLeft.png
  artifactKey: Guid(e720ab5f72d09f248ac485c124471c83) Importer(815301076,1909f56bfc062723c751e8b465ee728b)
Start importing Assets/BayatGames/Free Platform Game Assets/Tiles/2D Tiles ( Update 1.9 )/Autumn/512x512/GrassCliffLeft.png using Guid(e720ab5f72d09f248ac485c124471c83) Importer(815301076,1909f56bfc062723c751e8b465ee728b)  -> (artifact id: 'db16fc1d6f4959ec0dd78b5b792025be') in 0.084143 seconds 
  Import took 0.114369 seconds .

========================================================================
Received Import Request.
  Time since last request: 0.000706 seconds.
  path: Assets/BayatGames/Free Platform Game Assets/Tiles/2D Tiles ( Update 1.9 )/Autumn/512x512/GrassJoinHillRight.png
  artifactKey: Guid(7aaa849a0248fe54c90a3adc327f6958) Importer(815301076,1909f56bfc062723c751e8b465ee728b)
Start importing Assets/BayatGames/Free Platform Game Assets/Tiles/2D Tiles ( Update 1.9 )/Autumn/512x512/GrassJoinHillRight.png using Guid(7aaa849a0248fe54c90a3adc327f6958) Importer(815301076,1909f56bfc062723c751e8b465ee728b)  -> (artifact id: 'ebfcdec4595116bb220d5b628973a66a') in 0.062172 seconds 
  Import took 0.072226 seconds .

========================================================================
Received Import Request.
  Time since last request: 0.000722 seconds.
  path: Assets/BayatGames/Free Platform Game Assets/Tiles/2D Tiles ( Update 1.9 )/Autumn/512x512/GrassJoinHillLeft.png
  artifactKey: Guid(29853250a79ce524ca05974cbe27b15c) Importer(815301076,1909f56bfc062723c751e8b465ee728b)
Start importing Assets/BayatGames/Free Platform Game Assets/Tiles/2D Tiles ( Update 1.9 )/Autumn/512x512/GrassJoinHillLeft.png using Guid(29853250a79ce524ca05974cbe27b15c) Importer(815301076,1909f56bfc062723c751e8b465ee728b)  -> (artifact id: '2a2fa26817f3dbec0dfc3d57daf09775') in 0.084840 seconds 
  Import took 0.093488 seconds .

========================================================================
Received Import Request.
  Time since last request: 0.000590 seconds.
  path: Assets/BayatGames/Free Platform Game Assets/Tiles/2D Tiles ( Update 1.9 )/Autumn/512x512/GrassColumn.png
  artifactKey: Guid(e46ff5ffffbe5bc4f973b604b65fa03c) Importer(815301076,1909f56bfc062723c751e8b465ee728b)
Start importing Assets/BayatGames/Free Platform Game Assets/Tiles/2D Tiles ( Update 1.9 )/Autumn/512x512/GrassColumn.png using Guid(e46ff5ffffbe5bc4f973b604b65fa03c) Importer(815301076,1909f56bfc062723c751e8b465ee728b)  -> (artifact id: '87c0708e7c28143c39849bff642281ae') in 0.086572 seconds 
  Import took 0.119926 seconds .

========================================================================
Received Import Request.
  Time since last request: 0.000562 seconds.
  path: Assets/BayatGames/Free Platform Game Assets/Tiles/2D Tiles ( Update 1.9 )/Autumn/512x512/GrassLeft.png
  artifactKey: Guid(348d272722cb2d14db61ac6af4af22e6) Importer(815301076,1909f56bfc062723c751e8b465ee728b)
Start importing Assets/BayatGames/Free Platform Game Assets/Tiles/2D Tiles ( Update 1.9 )/Autumn/512x512/GrassLeft.png using Guid(348d272722cb2d14db61ac6af4af22e6) Importer(815301076,1909f56bfc062723c751e8b465ee728b)  -> (artifact id: '9e6c26a06a664443fd9666118f84b033') in 0.091029 seconds 
  Import took 0.103107 seconds .

========================================================================
Received Import Request.
  Time since last request: 0.000676 seconds.
  path: Assets/BayatGames/Free Platform Game Assets/Tiles/2D Tiles ( Update 1.9 )/Autumn/512x512/GrassHillLeft2 DownShadow.png
  artifactKey: Guid(2a89803a08377214ba48a3a54a1dd4d1) Importer(815301076,1909f56bfc062723c751e8b465ee728b)
Start importing Assets/BayatGames/Free Platform Game Assets/Tiles/2D Tiles ( Update 1.9 )/Autumn/512x512/GrassHillLeft2 DownShadow.png using Guid(2a89803a08377214ba48a3a54a1dd4d1) Importer(815301076,1909f56bfc062723c751e8b465ee728b)  -> (artifact id: '8a5232de88e557c176eb0d0e1370d6a4') in 0.094446 seconds 
  Import took 0.103163 seconds .

========================================================================
Received Import Request.
  Time since last request: 0.000561 seconds.
  path: Assets/BayatGames/Free Platform Game Assets/Tiles/2D Tiles ( Update 1.9 )/Autumn/512x512/GrassHillLeft.png
  artifactKey: Guid(b3687254db1df804ca7adeadcea3efb7) Importer(815301076,1909f56bfc062723c751e8b465ee728b)
Start importing Assets/BayatGames/Free Platform Game Assets/Tiles/2D Tiles ( Update 1.9 )/Autumn/512x512/GrassHillLeft.png using Guid(b3687254db1df804ca7adeadcea3efb7) Importer(815301076,1909f56bfc062723c751e8b465ee728b)  -> (artifact id: '9b336b596e1816bbb627a27ecb3ce1cf') in 0.078766 seconds 
  Import took 0.100273 seconds .

========================================================================
Received Import Request.
  Time since last request: 0.000872 seconds.
  path: Assets/BayatGames/Free Platform Game Assets/Tiles/2D Tiles ( Update 1.9 )/Autumn/512x512/GrassJoinHillRight2&Left2.png
  artifactKey: Guid(888faf73775c696409291a1627604737) Importer(815301076,1909f56bfc062723c751e8b465ee728b)
Start importing Assets/BayatGames/Free Platform Game Assets/Tiles/2D Tiles ( Update 1.9 )/Autumn/512x512/GrassJoinHillRight2&Left2.png using Guid(888faf73775c696409291a1627604737) Importer(815301076,1909f56bfc062723c751e8b465ee728b)  -> (artifact id: 'c9caf3bba96ef83cfa02352cc42e1cee') in 0.131186 seconds 
  Import took 0.165055 seconds .

========================================================================
Received Import Request.
  Time since last request: 0.000961 seconds.
  path: Assets/BayatGames/Free Platform Game Assets/Tiles/2D Tiles ( Update 1.9 )/Autumn/512x512/GrassHillLeft2.png
  artifactKey: Guid(65eddf34581be1046bc3da6e1d7bcfe3) Importer(815301076,1909f56bfc062723c751e8b465ee728b)
Start importing Assets/BayatGames/Free Platform Game Assets/Tiles/2D Tiles ( Update 1.9 )/Autumn/512x512/GrassHillLeft2.png using Guid(65eddf34581be1046bc3da6e1d7bcfe3) Importer(815301076,1909f56bfc062723c751e8b465ee728b)  -> (artifact id: '20f4db618c3c3977471b47de8fc3532e') in 0.086158 seconds 
  Import took 0.132300 seconds .

========================================================================
Received Import Request.
  Time since last request: 0.000681 seconds.
  path: Assets/BayatGames/Free Platform Game Assets/Tiles/2D Tiles ( Update 1.9 )/Autumn/512x512/GrassHillRight.png
  artifactKey: Guid(ce08f0dff4e6a554d92a0848ed07c8e6) Importer(815301076,1909f56bfc062723c751e8b465ee728b)
Start importing Assets/BayatGames/Free Platform Game Assets/Tiles/2D Tiles ( Update 1.9 )/Autumn/512x512/GrassHillRight.png using Guid(ce08f0dff4e6a554d92a0848ed07c8e6) Importer(815301076,1909f56bfc062723c751e8b465ee728b)  -> (artifact id: '92c19183ee0799dc81c7ea558f912e04') in 0.094338 seconds 
  Import took 0.103691 seconds .

========================================================================
Received Import Request.
  Time since last request: 0.000582 seconds.
  path: Assets/BayatGames/Free Platform Game Assets/Tiles/2D Tiles ( Update 1.9 )/Autumn/512x512/GrassMid.png
  artifactKey: Guid(35d04c51a6d9b184996f383e51d1e04c) Importer(815301076,1909f56bfc062723c751e8b465ee728b)
Start importing Assets/BayatGames/Free Platform Game Assets/Tiles/2D Tiles ( Update 1.9 )/Autumn/512x512/GrassMid.png using Guid(35d04c51a6d9b184996f383e51d1e04c) Importer(815301076,1909f56bfc062723c751e8b465ee728b)  -> (artifact id: '3ebf699bedffc08eb0ebe5b8d5deb6e0') in 0.084948 seconds 
  Import took 0.094341 seconds .

========================================================================
Received Import Request.
  Time since last request: 0.000647 seconds.
  path: Assets/BayatGames/Free Platform Game Assets/Tiles/2D Tiles ( Update 1.9 )/Autumn/512x512/GrassHillRight2.png
  artifactKey: Guid(e5e5fed44d8e4c04d8f49db07c3144fd) Importer(815301076,1909f56bfc062723c751e8b465ee728b)
Start importing Assets/BayatGames/Free Platform Game Assets/Tiles/2D Tiles ( Update 1.9 )/Autumn/512x512/GrassHillRight2.png using Guid(e5e5fed44d8e4c04d8f49db07c3144fd) Importer(815301076,1909f56bfc062723c751e8b465ee728b)  -> (artifact id: '3e5704b762f7e3c231ae726122e9761f') in 0.052540 seconds 
  Import took 0.064437 seconds .

========================================================================
Received Import Request.
  Time since last request: 0.000578 seconds.
  path: Assets/BayatGames/Free Platform Game Assets/Tiles/2D Tiles ( Update 1.9 )/Autumn/512x512/GrassJoinHillRight2 DownShadow.png
  artifactKey: Guid(fe1a7db9cb5745742835e96a2cdded33) Importer(815301076,1909f56bfc062723c751e8b465ee728b)
Start importing Assets/BayatGames/Free Platform Game Assets/Tiles/2D Tiles ( Update 1.9 )/Autumn/512x512/GrassJoinHillRight2 DownShadow.png using Guid(fe1a7db9cb5745742835e96a2cdded33) Importer(815301076,1909f56bfc062723c751e8b465ee728b)  -> (artifact id: '9ac31d75cb27a7f784964e13176556ac') in 0.073385 seconds 
  Import took 0.084026 seconds .

========================================================================
Received Import Request.
  Time since last request: 0.000632 seconds.
  path: Assets/BayatGames/Free Platform Game Assets/Tiles/2D Tiles ( Update 1.9 )/Autumn/512x512/GrassJoinHillLeft2.png
  artifactKey: Guid(d847bb9fed47ad64da5f917316f826ad) Importer(815301076,1909f56bfc062723c751e8b465ee728b)
Start importing Assets/BayatGames/Free Platform Game Assets/Tiles/2D Tiles ( Update 1.9 )/Autumn/512x512/GrassJoinHillLeft2.png using Guid(d847bb9fed47ad64da5f917316f826ad) Importer(815301076,1909f56bfc062723c751e8b465ee728b)  -> (artifact id: '6e1a2b80442371fe3f83adcaa9df66aa') in 0.084058 seconds 
  Import took 0.151238 seconds .

========================================================================
Received Import Request.
  Time since last request: 0.001015 seconds.
  path: Assets/BayatGames/Free Platform Game Assets/Tiles/2D Tiles ( Update 1.9 )/Autumn/512x512/GrassRight.png
  artifactKey: Guid(5f84cb4bd9487ed4e838c3eefbee4923) Importer(815301076,1909f56bfc062723c751e8b465ee728b)
Start importing Assets/BayatGames/Free Platform Game Assets/Tiles/2D Tiles ( Update 1.9 )/Autumn/512x512/GrassRight.png using Guid(5f84cb4bd9487ed4e838c3eefbee4923) Importer(815301076,1909f56bfc062723c751e8b465ee728b)  -> (artifact id: '51f00c4bd12e2c311b137c2882745476') in 0.073150 seconds 
  Import took 0.083670 seconds .

========================================================================
Received Import Request.
  Time since last request: 0.000665 seconds.
  path: Assets/BayatGames/Free Platform Game Assets/Tiles/2D Tiles ( Update 1.9 )/Autumn/512x512/GrassHillRight2 DownShadow.png
  artifactKey: Guid(28029cc55b53f27498edb24d597fc1e6) Importer(815301076,1909f56bfc062723c751e8b465ee728b)
Start importing Assets/BayatGames/Free Platform Game Assets/Tiles/2D Tiles ( Update 1.9 )/Autumn/512x512/GrassHillRight2 DownShadow.png using Guid(28029cc55b53f27498edb24d597fc1e6) Importer(815301076,1909f56bfc062723c751e8b465ee728b)  -> (artifact id: '6d00a3d28f9d7ff97d676d8fa9597ce5') in 0.068380 seconds 
  Import took 0.094208 seconds .

========================================================================
Received Import Request.
  Time since last request: 0.000658 seconds.
  path: Assets/BayatGames/Free Platform Game Assets/Tiles/2D Tiles ( Update 1.9 )/Autumn/512x512/GrassJoinHillLeft2 DownShadow.png
  artifactKey: Guid(37bd69310ad0b214f8962adbecf68578) Importer(815301076,1909f56bfc062723c751e8b465ee728b)
Start importing Assets/BayatGames/Free Platform Game Assets/Tiles/2D Tiles ( Update 1.9 )/Autumn/512x512/GrassJoinHillLeft2 DownShadow.png using Guid(37bd69310ad0b214f8962adbecf68578) Importer(815301076,1909f56bfc062723c751e8b465ee728b)  -> (artifact id: 'c688d3f2cb60eb58c78c7e83e2600ac9') in 0.093547 seconds 
  Import took 0.102538 seconds .

========================================================================
Received Import Request.
  Time since last request: 13.705854 seconds.
  path: Assets/BayatGames/Free Platform Game Assets/Environments/New Details ( Update 1.9 )
  artifactKey: Guid(0106bf86e8bc1674cae765c7dd981dbe) Importer(815301076,1909f56bfc062723c751e8b465ee728b)
Start importing Assets/BayatGames/Free Platform Game Assets/Environments/New Details ( Update 1.9 ) using Guid(0106bf86e8bc1674cae765c7dd981dbe) Importer(815301076,1909f56bfc062723c751e8b465ee728b)  -> (artifact id: 'd41a646bafa69735cb4d39b932d261f9') in 0.041693 seconds 
  Import took 0.065115 seconds .

========================================================================
Received Import Request.
  Time since last request: 1.322259 seconds.
  path: Assets/BayatGames/Free Platform Game Assets/Environments/New Details ( Update 1.9 )/2x
  artifactKey: Guid(510630f726c0d3b4a8f57f5c81c3b112) Importer(815301076,1909f56bfc062723c751e8b465ee728b)
Start importing Assets/BayatGames/Free Platform Game Assets/Environments/New Details ( Update 1.9 )/2x using Guid(510630f726c0d3b4a8f57f5c81c3b112) Importer(815301076,1909f56bfc062723c751e8b465ee728b)  -> (artifact id: '8b9fc2ec3e19a278f5ed4b0615988cfa') in 0.027488 seconds 
  Import took 0.057984 seconds .

========================================================================
Received Import Request.
  Time since last request: 0.089084 seconds.
  path: Assets/BayatGames/Free Platform Game Assets/Environments/New Details ( Update 1.9 )/2x/Autumn Bush.png
  artifactKey: Guid(a295202cb7658cf4b858a3bfe8e5e0c5) Importer(815301076,1909f56bfc062723c751e8b465ee728b)
Start importing Assets/BayatGames/Free Platform Game Assets/Environments/New Details ( Update 1.9 )/2x/Autumn Bush.png using Guid(a295202cb7658cf4b858a3bfe8e5e0c5) Importer(815301076,1909f56bfc062723c751e8b465ee728b)  -> (artifact id: '68b3ea814034645452a83ef9dd214ab5') in 0.062381 seconds 
  Import took 0.097238 seconds .

========================================================================
Received Import Request.
  Time since last request: 0.000601 seconds.
  path: Assets/BayatGames/Free Platform Game Assets/Environments/New Details ( Update 1.9 )/2x/Autumn Tree.png
  artifactKey: Guid(a0719ec8dfd104845904c76b6550b63e) Importer(815301076,1909f56bfc062723c751e8b465ee728b)
Start importing Assets/BayatGames/Free Platform Game Assets/Environments/New Details ( Update 1.9 )/2x/Autumn Tree.png using Guid(a0719ec8dfd104845904c76b6550b63e) Importer(815301076,1909f56bfc062723c751e8b465ee728b)  -> (artifact id: '25d1a610d3b810360f3c84f2ca897dae') in 0.120535 seconds 
  Import took 0.129545 seconds .

========================================================================
Received Import Request.
  Time since last request: 0.000571 seconds.
  path: Assets/BayatGames/Free Platform Game Assets/Environments/New Details ( Update 1.9 )/2x/Bush.png
  artifactKey: Guid(96148a5969d9bcf42ab10e2088f8cc58) Importer(815301076,1909f56bfc062723c751e8b465ee728b)
Start importing Assets/BayatGames/Free Platform Game Assets/Environments/New Details ( Update 1.9 )/2x/Bush.png using Guid(96148a5969d9bcf42ab10e2088f8cc58) Importer(815301076,1909f56bfc062723c751e8b465ee728b)  -> (artifact id: '8589f1f7276018843240002cb90ea49e') in 0.083264 seconds 
  Import took 0.111513 seconds .

========================================================================
Received Import Request.
  Time since last request: 0.000575 seconds.
  path: Assets/BayatGames/Free Platform Game Assets/Environments/New Details ( Update 1.9 )/2x/Winter Tree.png
  artifactKey: Guid(e23ebd906a70ca347a1e102f96b7a2aa) Importer(815301076,1909f56bfc062723c751e8b465ee728b)
Start importing Assets/BayatGames/Free Platform Game Assets/Environments/New Details ( Update 1.9 )/2x/Winter Tree.png using Guid(e23ebd906a70ca347a1e102f96b7a2aa) Importer(815301076,1909f56bfc062723c751e8b465ee728b)  -> (artifact id: '3bf19777a159f999fd49d88aa11ccad2') in 0.133384 seconds 
  Import took 0.142536 seconds .

========================================================================
Received Import Request.
  Time since last request: 0.000622 seconds.
  path: Assets/BayatGames/Free Platform Game Assets/Environments/New Details ( Update 1.9 )/2x/Flower-2.png
  artifactKey: Guid(ec10fd6e05fb50c4783167418288578d) Importer(815301076,1909f56bfc062723c751e8b465ee728b)
Start importing Assets/BayatGames/Free Platform Game Assets/Environments/New Details ( Update 1.9 )/2x/Flower-2.png using Guid(ec10fd6e05fb50c4783167418288578d) Importer(815301076,1909f56bfc062723c751e8b465ee728b)  -> (artifact id: '6a5fffa1fdba817200d0f79911043ffc') in 0.096199 seconds 
  Import took 0.122380 seconds .

========================================================================
Received Import Request.
  Time since last request: 0.000587 seconds.
  path: Assets/BayatGames/Free Platform Game Assets/Environments/New Details ( Update 1.9 )/2x/Tree.png
  artifactKey: Guid(ccf2af7e5774cf84592daa40d84c1b60) Importer(815301076,1909f56bfc062723c751e8b465ee728b)
Start importing Assets/BayatGames/Free Platform Game Assets/Environments/New Details ( Update 1.9 )/2x/Tree.png using Guid(ccf2af7e5774cf84592daa40d84c1b60) Importer(815301076,1909f56bfc062723c751e8b465ee728b)  -> (artifact id: '81b96f3d1bd1c275d56f4a77eb970d42') in 0.083333 seconds 
  Import took 0.092492 seconds .

========================================================================
Received Import Request.
  Time since last request: 0.000586 seconds.
  path: Assets/BayatGames/Free Platform Game Assets/Environments/New Details ( Update 1.9 )/2x/Flower-3.png
  artifactKey: Guid(41cccea4cdff96e46b4643d6b38e07b2) Importer(815301076,1909f56bfc062723c751e8b465ee728b)
Start importing Assets/BayatGames/Free Platform Game Assets/Environments/New Details ( Update 1.9 )/2x/Flower-3.png using Guid(41cccea4cdff96e46b4643d6b38e07b2) Importer(815301076,1909f56bfc062723c751e8b465ee728b)  -> (artifact id: '7403da1b0a4a84d79b442e7a014357d7') in 0.073109 seconds 
  Import took 0.111322 seconds .

========================================================================
Received Import Request.
  Time since last request: 0.000890 seconds.
  path: Assets/BayatGames/Free Platform Game Assets/Environments/New Details ( Update 1.9 )/2x/Flower-1.png
  artifactKey: Guid(455987c62401e364387f9de25abc1ad8) Importer(815301076,1909f56bfc062723c751e8b465ee728b)
Start importing Assets/BayatGames/Free Platform Game Assets/Environments/New Details ( Update 1.9 )/2x/Flower-1.png using Guid(455987c62401e364387f9de25abc1ad8) Importer(815301076,1909f56bfc062723c751e8b465ee728b)  -> (artifact id: '9815e408135050661f832ea34c4866d9') in 0.084310 seconds 
  Import took 0.125930 seconds .

========================================================================
Received Import Request.
  Time since last request: 14.427384 seconds.
  path: Assets/BayatGames/Free Platform Game Assets/Water Animation/2D view ( Update 1.9 )/128x128
  artifactKey: Guid(11299f0363949ff418736ec14c72d6a1) Importer(815301076,1909f56bfc062723c751e8b465ee728b)
Start importing Assets/BayatGames/Free Platform Game Assets/Water Animation/2D view ( Update 1.9 )/128x128 using Guid(11299f0363949ff418736ec14c72d6a1) Importer(815301076,1909f56bfc062723c751e8b465ee728b)  -> (artifact id: '237dc6c8c833e48dee99965c8d14c16b') in 0.038808 seconds 
  Import took 0.048145 seconds .

========================================================================
Received Import Request.
  Time since last request: 1.592126 seconds.
  path: Assets/BayatGames/Free Platform Game Assets/Water Animation/2D view ( Update 1.9 )/128x128/1-1x.png
  artifactKey: Guid(f79882f6d0651fe4ea92b2a889f628bb) Importer(815301076,1909f56bfc062723c751e8b465ee728b)
Start importing Assets/BayatGames/Free Platform Game Assets/Water Animation/2D view ( Update 1.9 )/128x128/1-1x.png using Guid(f79882f6d0651fe4ea92b2a889f628bb) Importer(815301076,1909f56bfc062723c751e8b465ee728b)  -> (artifact id: '195a6ffbc0f0e95ea599d12146415a5f') in 0.072927 seconds 
  Import took 0.100793 seconds .

========================================================================
Received Import Request.
  Time since last request: 0.000712 seconds.
  path: Assets/BayatGames/Free Platform Game Assets/Water Animation/2D view ( Update 1.9 )/128x128/11-1x.png
  artifactKey: Guid(d13bb2383d774344f8586871dde5811f) Importer(815301076,1909f56bfc062723c751e8b465ee728b)
Start importing Assets/BayatGames/Free Platform Game Assets/Water Animation/2D view ( Update 1.9 )/128x128/11-1x.png using Guid(d13bb2383d774344f8586871dde5811f) Importer(815301076,1909f56bfc062723c751e8b465ee728b)  -> (artifact id: '2e17ae8fd51780a4be664fe8411250cc') in 0.079520 seconds 
  Import took 0.087695 seconds .

========================================================================
Received Import Request.
  Time since last request: 0.000662 seconds.
  path: Assets/BayatGames/Free Platform Game Assets/Water Animation/2D view ( Update 1.9 )/128x128/2-1x.png
  artifactKey: Guid(b69554fda46af624a8951f96e6f6c17c) Importer(815301076,1909f56bfc062723c751e8b465ee728b)
Start importing Assets/BayatGames/Free Platform Game Assets/Water Animation/2D view ( Update 1.9 )/128x128/2-1x.png using Guid(b69554fda46af624a8951f96e6f6c17c) Importer(815301076,1909f56bfc062723c751e8b465ee728b)  -> (artifact id: '96897789e1fc681f99b486433083f061') in 0.078265 seconds 
  Import took 0.096769 seconds .

========================================================================
Received Import Request.
  Time since last request: 0.000622 seconds.
  path: Assets/BayatGames/Free Platform Game Assets/Water Animation/2D view ( Update 1.9 )/128x128/3-1x.png
  artifactKey: Guid(a260582f938233d49a933e9a0a9b84bc) Importer(815301076,1909f56bfc062723c751e8b465ee728b)
Start importing Assets/BayatGames/Free Platform Game Assets/Water Animation/2D view ( Update 1.9 )/128x128/3-1x.png using Guid(a260582f938233d49a933e9a0a9b84bc) Importer(815301076,1909f56bfc062723c751e8b465ee728b)  -> (artifact id: '5cde5a68a32a33d3461271614fcdc458') in 0.074717 seconds 
  Import took 0.087172 seconds .

========================================================================
Received Import Request.
  Time since last request: 0.000596 seconds.
  path: Assets/BayatGames/Free Platform Game Assets/Water Animation/2D view ( Update 1.9 )/128x128/2-1x.png
  artifactKey: Guid(b69554fda46af624a8951f96e6f6c17c) Importer(815301076,1909f56bfc062723c751e8b465ee728b)
Start importing Assets/BayatGames/Free Platform Game Assets/Water Animation/2D view ( Update 1.9 )/128x128/2-1x.png using Guid(b69554fda46af624a8951f96e6f6c17c) Importer(815301076,1909f56bfc062723c751e8b465ee728b)  -> (artifact id: '96897789e1fc681f99b486433083f061') in 0.027431 seconds 
  Import took 0.039086 seconds .

========================================================================
Received Import Request.
  Time since last request: 0.000614 seconds.
  path: Assets/BayatGames/Free Platform Game Assets/Water Animation/2D view ( Update 1.9 )/128x128/10-1x.png
  artifactKey: Guid(8850c8a40338c844ca8c39077744bd1c) Importer(815301076,1909f56bfc062723c751e8b465ee728b)
Start importing Assets/BayatGames/Free Platform Game Assets/Water Animation/2D view ( Update 1.9 )/128x128/10-1x.png using Guid(8850c8a40338c844ca8c39077744bd1c) Importer(815301076,1909f56bfc062723c751e8b465ee728b)  -> (artifact id: '6561be44d98937ef4b51a7951e8ec509') in 0.071758 seconds 
  Import took 0.107666 seconds .

========================================================================
Received Import Request.
  Time since last request: 0.000498 seconds.
  path: Assets/BayatGames/Free Platform Game Assets/Water Animation/2D view ( Update 1.9 )/128x128/13-1x.png
  artifactKey: Guid(9ea98cc38166f1841bd685d98a80eaf0) Importer(815301076,1909f56bfc062723c751e8b465ee728b)
Start importing Assets/BayatGames/Free Platform Game Assets/Water Animation/2D view ( Update 1.9 )/128x128/13-1x.png using Guid(9ea98cc38166f1841bd685d98a80eaf0) Importer(815301076,1909f56bfc062723c751e8b465ee728b)  -> (artifact id: '555dd9e3b99eead25b663b04ba01e245') in 0.188354 seconds 
  Import took 0.231219 seconds .

========================================================================
Received Import Request.
  Time since last request: 0.000659 seconds.
  path: Assets/BayatGames/Free Platform Game Assets/Water Animation/2D view ( Update 1.9 )/128x128/4-1x.png
  artifactKey: Guid(3bcc6fb68bf9d0949bea65a2e5663f96) Importer(815301076,1909f56bfc062723c751e8b465ee728b)
Start importing Assets/BayatGames/Free Platform Game Assets/Water Animation/2D view ( Update 1.9 )/128x128/4-1x.png using Guid(3bcc6fb68bf9d0949bea65a2e5663f96) Importer(815301076,1909f56bfc062723c751e8b465ee728b)  -> (artifact id: '9d5323e1681fa410c6e9d4f2f918e3df') in 0.087465 seconds 
  Import took 0.113947 seconds .

========================================================================
Received Import Request.
  Time since last request: 0.000629 seconds.
  path: Assets/BayatGames/Free Platform Game Assets/Water Animation/2D view ( Update 1.9 )/128x128/15-1x.png
  artifactKey: Guid(18bc0a66b0a09fb42b5f2526223fd314) Importer(815301076,1909f56bfc062723c751e8b465ee728b)
Start importing Assets/BayatGames/Free Platform Game Assets/Water Animation/2D view ( Update 1.9 )/128x128/15-1x.png using Guid(18bc0a66b0a09fb42b5f2526223fd314) Importer(815301076,1909f56bfc062723c751e8b465ee728b)  -> (artifact id: 'ed11a8d8820a620369354e4c2af6dc96') in 0.091441 seconds 
  Import took 0.101856 seconds .

========================================================================
Received Import Request.
  Time since last request: 0.000614 seconds.
  path: Assets/BayatGames/Free Platform Game Assets/Water Animation/2D view ( Update 1.9 )/128x128/14-1x.png
  artifactKey: Guid(83c48acc044031b4586cd3a220adf2bc) Importer(815301076,1909f56bfc062723c751e8b465ee728b)
Start importing Assets/BayatGames/Free Platform Game Assets/Water Animation/2D view ( Update 1.9 )/128x128/14-1x.png using Guid(83c48acc044031b4586cd3a220adf2bc) Importer(815301076,1909f56bfc062723c751e8b465ee728b)  -> (artifact id: '59fc07b28401ce6a079bf5c6fa7584d3') in 0.073623 seconds 
  Import took 0.144507 seconds .

========================================================================
Received Import Request.
  Time since last request: 0.000713 seconds.
  path: Assets/BayatGames/Free Platform Game Assets/Water Animation/2D view ( Update 1.9 )/128x128/16-1x.png
  artifactKey: Guid(cf8a41b3b2873ce40b14669e46079cae) Importer(815301076,1909f56bfc062723c751e8b465ee728b)
Start importing Assets/BayatGames/Free Platform Game Assets/Water Animation/2D view ( Update 1.9 )/128x128/16-1x.png using Guid(cf8a41b3b2873ce40b14669e46079cae) Importer(815301076,1909f56bfc062723c751e8b465ee728b)  -> (artifact id: '110f64dcb8ea372313a036a45c032629') in 0.161709 seconds 
  Import took 0.196165 seconds .

========================================================================
Received Import Request.
  Time since last request: 0.000810 seconds.
  path: Assets/BayatGames/Free Platform Game Assets/Water Animation/2D view ( Update 1.9 )/128x128/8-1x.png
  artifactKey: Guid(e97fac510976a104ca32fd2bd632ff91) Importer(815301076,1909f56bfc062723c751e8b465ee728b)
Start importing Assets/BayatGames/Free Platform Game Assets/Water Animation/2D view ( Update 1.9 )/128x128/8-1x.png using Guid(e97fac510976a104ca32fd2bd632ff91) Importer(815301076,1909f56bfc062723c751e8b465ee728b)  -> (artifact id: '47d6048397b230ff533df640263c3dc4') in 0.097375 seconds 
  Import took 0.107908 seconds .

========================================================================
Received Import Request.
  Time since last request: 0.000577 seconds.
  path: Assets/BayatGames/Free Platform Game Assets/Water Animation/2D view ( Update 1.9 )/128x128/12-1x.png
  artifactKey: Guid(680ee6c7813178c4ab779c801a23c814) Importer(815301076,1909f56bfc062723c751e8b465ee728b)
Start importing Assets/BayatGames/Free Platform Game Assets/Water Animation/2D view ( Update 1.9 )/128x128/12-1x.png using Guid(680ee6c7813178c4ab779c801a23c814) Importer(815301076,1909f56bfc062723c751e8b465ee728b)  -> (artifact id: 'a6aca76addd5454934f3f2e7ff45a62a') in 0.063569 seconds 
  Import took 0.105787 seconds .

========================================================================
Received Import Request.
  Time since last request: 0.000610 seconds.
  path: Assets/BayatGames/Free Platform Game Assets/Water Animation/2D view ( Update 1.9 )/128x128/6-1x.png
  artifactKey: Guid(1e802b47bfea50a47acf5f3b7ba3b16f) Importer(815301076,1909f56bfc062723c751e8b465ee728b)
Start importing Assets/BayatGames/Free Platform Game Assets/Water Animation/2D view ( Update 1.9 )/128x128/6-1x.png using Guid(1e802b47bfea50a47acf5f3b7ba3b16f) Importer(815301076,1909f56bfc062723c751e8b465ee728b)  -> (artifact id: '147448a00f63b62555b89a1f9129c910') in 0.082915 seconds 
  Import took 0.091759 seconds .

========================================================================
Received Import Request.
  Time since last request: 0.000564 seconds.
  path: Assets/BayatGames/Free Platform Game Assets/Water Animation/2D view ( Update 1.9 )/128x128/9-1x.png
  artifactKey: Guid(e74505abbd87d2940857da5004ef9bcc) Importer(815301076,1909f56bfc062723c751e8b465ee728b)
Start importing Assets/BayatGames/Free Platform Game Assets/Water Animation/2D view ( Update 1.9 )/128x128/9-1x.png using Guid(e74505abbd87d2940857da5004ef9bcc) Importer(815301076,1909f56bfc062723c751e8b465ee728b)  -> (artifact id: '024ba6abac25357274840262a26388a4') in 0.068832 seconds 
  Import took 0.105567 seconds .

========================================================================
Received Import Request.
  Time since last request: 0.000868 seconds.
  path: Assets/BayatGames/Free Platform Game Assets/Water Animation/2D view ( Update 1.9 )/128x128/6-1x.png
  artifactKey: Guid(1e802b47bfea50a47acf5f3b7ba3b16f) Importer(815301076,1909f56bfc062723c751e8b465ee728b)
Start importing Assets/BayatGames/Free Platform Game Assets/Water Animation/2D view ( Update 1.9 )/128x128/6-1x.png using Guid(1e802b47bfea50a47acf5f3b7ba3b16f) Importer(815301076,1909f56bfc062723c751e8b465ee728b)  -> (artifact id: '147448a00f63b62555b89a1f9129c910') in 0.035809 seconds 
  Import took 0.046384 seconds .

========================================================================
Received Import Request.
  Time since last request: 0.000577 seconds.
  path: Assets/BayatGames/Free Platform Game Assets/Water Animation/2D view ( Update 1.9 )/128x128/5-1x.png
  artifactKey: Guid(84dbd18cbf052684a8ca8ae0d6726aba) Importer(815301076,1909f56bfc062723c751e8b465ee728b)
Start importing Assets/BayatGames/Free Platform Game Assets/Water Animation/2D view ( Update 1.9 )/128x128/5-1x.png using Guid(84dbd18cbf052684a8ca8ae0d6726aba) Importer(815301076,1909f56bfc062723c751e8b465ee728b)  -> (artifact id: '28b75621e85d2d3d75c812206d580fda') in 0.134834 seconds 
  Import took 0.144660 seconds .

========================================================================
Received Import Request.
  Time since last request: 0.000563 seconds.
  path: Assets/BayatGames/Free Platform Game Assets/Water Animation/2D view ( Update 1.9 )/128x128/7-1x.png
  artifactKey: Guid(a5b312117a0528c49b06fa3a96dfe236) Importer(815301076,1909f56bfc062723c751e8b465ee728b)
Start importing Assets/BayatGames/Free Platform Game Assets/Water Animation/2D view ( Update 1.9 )/128x128/7-1x.png using Guid(a5b312117a0528c49b06fa3a96dfe236) Importer(815301076,1909f56bfc062723c751e8b465ee728b)  -> (artifact id: '7b80a13e90ce233cfcd3bb0ac4d6aadd') in 0.084670 seconds 
  Import took 0.104931 seconds .

========================================================================
Received Import Request.
  Time since last request: 118.765149 seconds.
  path: Assets/BayatGames/Free Platform Game Assets/Water Animation/2D view ( Update 1.9 )/128x128/waterani.anim
  artifactKey: Guid(f793de44ac49bb34b9d8d2735317cac5) Importer(815301076,1909f56bfc062723c751e8b465ee728b)
Start importing Assets/BayatGames/Free Platform Game Assets/Water Animation/2D view ( Update 1.9 )/128x128/waterani.anim using Guid(f793de44ac49bb34b9d8d2735317cac5) Importer(815301076,1909f56bfc062723c751e8b465ee728b)  -> (artifact id: '1a8341ea98a7a6598a8b11c5a53d8725') in 0.026123 seconds 
  Import took 0.078042 seconds .

========================================================================
Received Import Request.
  Time since last request: 0.079336 seconds.
  path: Assets/BayatGames/Free Platform Game Assets/Water Animation/2D view ( Update 1.9 )/128x128/waterani.anim
  artifactKey: Guid(f793de44ac49bb34b9d8d2735317cac5) Importer(815301076,1909f56bfc062723c751e8b465ee728b)
Start importing Assets/BayatGames/Free Platform Game Assets/Water Animation/2D view ( Update 1.9 )/128x128/waterani.anim using Guid(f793de44ac49bb34b9d8d2735317cac5) Importer(815301076,1909f56bfc062723c751e8b465ee728b)  -> (artifact id: '1a8341ea98a7a6598a8b11c5a53d8725') in 0.007873 seconds 
  Import took 0.018672 seconds .

AssetImportWorkerClient::OnTransportError - code=2 error=End of file
